18:46:57.463 INFO - Selenium build info: version: '3.4.0', revision: 'unknown'
18:46:57.464 INFO - Launching a standalone Selenium Server
2018-04-06 18:46:57.503:INFO::main: Logging initialized @403ms to org.seleniumhq.jetty9.util.log.StdErrLog
18:46:57.583 INFO - Driver provider org.openqa.selenium.ie.InternetExplorerDriver registration is skipped:
 registration capabilities Capabilities [{ensureCleanSession=true, browserName=internet explorer, version=, platform=WINDOWS}] does not match the current platform MAC
18:46:57.583 INFO - Driver provider org.openqa.selenium.edge.EdgeDriver registration is skipped:
 registration capabilities Capabilities [{browserName=MicrosoftEdge, version=, platform=WINDOWS}] does not match the current platform MAC
18:46:57.583 INFO - Driver class not found: com.opera.core.systems.OperaDriver
18:46:57.583 INFO - Driver provider com.opera.core.systems.OperaDriver registration is skipped:
Unable to create new instances on this machine.
18:46:57.584 INFO - Driver class not found: com.opera.core.systems.OperaDriver
18:46:57.584 INFO - Driver provider com.opera.core.systems.OperaDriver is not registered
2018-04-06 18:46:57.658:INFO:osjs.Server:main: jetty-9.4.3.v20170317
2018-04-06 18:46:57.735:INFO:osjsh.ContextHandler:main: Started o.s.j.s.ServletContextHandler@14acaea5{/,null,AVAILABLE}
2018-04-06 18:46:57.793:INFO:osjs.AbstractConnector:main: Started ServerConnector@36c86d7c{HTTP/1.1,[http/1.1]}{0.0.0.0:4444}
2018-04-06 18:46:57.794:INFO:osjs.Server:main: Started @693ms
18:46:57.794 INFO - Selenium Server is up and running
18:46:58.647 INFO - SessionCleaner initialized with insideBrowserTimeout 0 and clientGoneTimeout 1800000 polling every 180000
18:46:58.689 INFO - Executing: [new session: Capabilities [{acceptSslCerts=true, name=Google Test, browserName=chrome, javascriptEnabled=true, platform=ANY}]])
18:46:58.689 INFO - Executing: [new session: Capabilities [{acceptSslCerts=true, name=Google Test, browserName=safari, javascriptEnabled=true, platform=ANY}]])
18:46:58.690 INFO - Executing: [new session: Capabilities [{acceptSslCerts=true, name=Google Test, browserName=firefox, javascriptEnabled=true, platform=ANY}]])
18:46:58.723 INFO - Creating a new session for Capabilities [{acceptSslCerts=true, name=Google Test, browserName=firefox, javascriptEnabled=true, platform=ANY}]
18:46:58.727 INFO - Creating a new session for Capabilities [{acceptSslCerts=true, name=Google Test, browserName=safari, javascriptEnabled=true, platform=ANY}]
18:46:58.730 INFO - Creating a new session for Capabilities [{acceptSslCerts=true, name=Google Test, browserName=chrome, javascriptEnabled=true, platform=ANY}]
18:46:58.855 WARN - Exception thrown
java.util.concurrent.ExecutionException: org.openqa.selenium.WebDriverException: java.lang.reflect.InvocationTargetException
Build info: version: '3.4.0', revision: 'unknown', time: 'unknown'
System info: host: 'Navi.frontierlocal.net', ip: '192.168.254.31', os.name: 'Mac OS X', os.arch: 'x86_64', os.version: '10.11.4', java.version: '1.8.0_101'
Driver info: driver.version: unknown
	at java.util.concurrent.FutureTask.report(FutureTask.java:122)
	at java.util.concurrent.FutureTask.get(FutureTask.java:192)
	at org.openqa.selenium.remote.server.DefaultSession.execute(DefaultSession.java:183)
	at org.openqa.selenium.remote.server.DefaultSession.<init>(DefaultSession.java:119)
	at org.openqa.selenium.remote.server.DefaultSession.createSession(DefaultSession.java:95)
	at org.openqa.selenium.remote.server.DefaultDriverSessions.newSession(DefaultDriverSessions.java:131)
	at org.openqa.selenium.remote.server.handler.NewSession.handle(NewSession.java:59)
	at org.openqa.selenium.remote.server.handler.NewSession.handle(NewSession.java:36)
	at org.openqa.selenium.remote.server.rest.ResultConfig.handle(ResultConfig.java:111)
	at org.openqa.selenium.remote.server.JsonHttpCommandHandler.handleRequest(JsonHttpCommandHandler.java:190)
	at org.openqa.selenium.remote.server.DriverServlet.handleRequest(DriverServlet.java:222)
	at org.openqa.selenium.remote.server.DriverServlet.doPost(DriverServlet.java:184)
	at javax.servlet.http.HttpServlet.service(HttpServlet.java:707)
	at org.openqa.selenium.remote.server.DriverServlet.service(DriverServlet.java:150)
	at javax.servlet.http.HttpServlet.service(HttpServlet.java:790)
	at org.seleniumhq.jetty9.servlet.ServletHolder.handle(ServletHolder.java:841)
	at org.seleniumhq.jetty9.servlet.ServletHandler.doHandle(ServletHandler.java:543)
	at org.seleniumhq.jetty9.server.handler.ScopedHandler.nextHandle(ScopedHandler.java:188)
	at org.seleniumhq.jetty9.server.handler.ContextHandler.doHandle(ContextHandler.java:1228)
	at org.seleniumhq.jetty9.server.handler.ScopedHandler.nextScope(ScopedHandler.java:168)
	at org.seleniumhq.jetty9.servlet.ServletHandler.doScope(ServletHandler.java:481)
	at org.seleniumhq.jetty9.server.handler.ScopedHandler.nextScope(ScopedHandler.java:166)
	at org.seleniumhq.jetty9.server.handler.ContextHandler.doScope(ContextHandler.java:1130)
	at org.seleniumhq.jetty9.server.handler.ScopedHandler.handle(ScopedHandler.java:141)
	at org.seleniumhq.jetty9.server.handler.HandlerWrapper.handle(HandlerWrapper.java:132)
	at org.seleniumhq.jetty9.server.Server.handle(Server.java:564)
	at org.seleniumhq.jetty9.server.HttpChannel.handle(HttpChannel.java:320)
	at org.seleniumhq.jetty9.server.HttpConnection.onFillable(HttpConnection.java:251)
	at org.seleniumhq.jetty9.io.AbstractConnection$ReadCallback.succeeded(AbstractConnection.java:279)
	at org.seleniumhq.jetty9.io.FillInterest.fillable(FillInterest.java:112)
	at org.seleniumhq.jetty9.io.ChannelEndPoint$2.run(ChannelEndPoint.java:124)
	at org.seleniumhq.jetty9.util.thread.QueuedThreadPool.runJob(QueuedThreadPool.java:672)
	at org.seleniumhq.jetty9.util.thread.QueuedThreadPool$2.run(QueuedThreadPool.java:590)
	at java.lang.Thread.run(Thread.java:745)
Caused by: org.openqa.selenium.WebDriverException: java.lang.reflect.InvocationTargetException
Build info: version: '3.4.0', revision: 'unknown', time: 'unknown'
System info: host: 'Navi.frontierlocal.net', ip: '192.168.254.31', os.name: 'Mac OS X', os.arch: 'x86_64', os.version: '10.11.4', java.version: '1.8.0_101'
Driver info: driver.version: unknown
	at org.openqa.selenium.remote.server.DefaultDriverProvider.callConstructor(DefaultDriverProvider.java:110)
	at org.openqa.selenium.remote.server.DefaultDriverProvider.newInstance(DefaultDriverProvider.java:96)
	at org.openqa.selenium.remote.server.DefaultDriverFactory.newInstance(DefaultDriverFactory.java:60)
	at org.openqa.selenium.remote.server.DefaultSession$BrowserCreator.call(DefaultSession.java:222)
	at org.openqa.selenium.remote.server.DefaultSession$BrowserCreator.call(DefaultSession.java:209)
	at java.util.concurrent.FutureTask.run(FutureTask.java:266)
	at org.openqa.selenium.remote.server.DefaultSession$1.run(DefaultSession.java:176)
	at java.util.concurrent.ThreadPoolExecutor.runWorker(ThreadPoolExecutor.java:1142)
	at java.util.concurrent.ThreadPoolExecutor$Worker.run(ThreadPoolExecutor.java:617)
	... 1 more
Caused by: java.lang.reflect.InvocationTargetException
	at sun.reflect.NativeConstructorAccessorImpl.newInstance0(Native Method)
	at sun.reflect.NativeConstructorAccessorImpl.newInstance(NativeConstructorAccessorImpl.java:62)
	at sun.reflect.DelegatingConstructorAccessorImpl.newInstance(DelegatingConstructorAccessorImpl.java:45)
	at java.lang.reflect.Constructor.newInstance(Constructor.java:423)
	at org.openqa.selenium.remote.server.DefaultDriverProvider.callConstructor(DefaultDriverProvider.java:102)
	... 9 more
Caused by: org.openqa.selenium.WebDriverException: SafariDriver requires Safari 10 running on OSX El Capitan or greater.
Build info: version: '3.4.0', revision: 'unknown', time: 'unknown'
System info: host: 'Navi.frontierlocal.net', ip: '192.168.254.31', os.name: 'Mac OS X', os.arch: 'x86_64', os.version: '10.11.4', java.version: '1.8.0_101'
Driver info: driver.version: SafariDriver
	at org.openqa.selenium.safari.SafariDriver.getExecutor(SafariDriver.java:66)
	at org.openqa.selenium.safari.SafariDriver.<init>(SafariDriver.java:60)
	at org.openqa.selenium.safari.SafariDriver.<init>(SafariDriver.java:51)
	... 14 more
18:46:58.866 WARN - Exception: SafariDriver requires Safari 10 running on OSX El Capitan or greater.
Build info: version: '3.4.0', revision: 'unknown', time: 'unknown'
System info: host: 'Navi.frontierlocal.net', ip: '192.168.254.31', os.name: 'Mac OS X', os.arch: 'x86_64', os.version: '10.11.4', java.version: '1.8.0_101'
Driver info: driver.version: SafariDriver
1523054819265	geckodriver	INFO	geckodriver 0.19.1
1523054819285	geckodriver	INFO	Listening on 127.0.0.1:41572
Starting ChromeDriver 2.34.522932 (4140ab217e1ca1bec0c4b4d1b148f3361eb3a03e) on port 6517
Only local connections are allowed.
1523054819518	mozrunner::runner	INFO	Running command: "/Applications/Firefox.app/Contents/MacOS/firefox-bin" "-marionette" "-profile" "/var/folders/v2/tsn84jfx14x0bfmvjgsq1szh0000gn/T/rust_mozprofile.yzYH58XoKUXe"
18:47:01.367 INFO - Detected dialect: OSS
18:47:01.498 INFO - Done: [new session: Capabilities [{acceptSslCerts=true, name=Google Test, browserName=chrome, javascriptEnabled=true, platform=ANY}]]
18:47:01.544 INFO - Executing: [get: http://www.google.com])
18:47:03.518 INFO - Done: [get: http://www.google.com]
18:47:03.535 INFO - Executing: [find elements: By.cssSelector: body])
18:47:03.708 INFO - Done: [find elements: By.cssSelector: body]
18:47:03.715 INFO - Executing: [is displayed: 0 [[ChromeDriver: chrome on MAC (62cbc8174c086c419298e913bb652f63)] -> css selector: body]])
18:47:04.047 INFO - Done: [is displayed: 0 [[ChromeDriver: chrome on MAC (62cbc8174c086c419298e913bb652f63)] -> css selector: body]]
18:47:04.056 INFO - Executing: [find element: By.cssSelector: input[type=text]])
18:47:04.513 INFO - Done: [find element: By.cssSelector: input[type=text]]
18:47:04.522 INFO - Executing: [send keys: 1 [[ChromeDriver: chrome on MAC (62cbc8174c086c419298e913bb652f63)] -> css selector: input[type=text]], [n, i, g, h, t, w, a, t, c, h]])
1523054826374	Marionette	INFO	Listening on port 52372
18:47:07.171 WARN - Exception thrown
org.openqa.selenium.WebDriverException: unknown error: call function result missing 'value'
  (Session info: chrome=65.0.3325.181)
  (Driver info: chromedriver=2.34.522932 (4140ab217e1ca1bec0c4b4d1b148f3361eb3a03e),platform=Mac OS X 10.11.4 x86_64) (WARNING: The server did not provide any stacktrace information)
Command duration or timeout: 722 milliseconds
Build info: version: '3.4.0', revision: 'unknown', time: 'unknown'
System info: host: 'Navi.frontierlocal.net', ip: '192.168.254.31', os.name: 'Mac OS X', os.arch: 'x86_64', os.version: '10.11.4', java.version: '1.8.0_101'
Driver info: org.openqa.selenium.chrome.ChromeDriver
Capabilities [{applicationCacheEnabled=false, rotatable=false, mobileEmulationEnabled=false, networkConnectionEnabled=false, chrome={chromedriverVersion=2.34.522932 (4140ab217e1ca1bec0c4b4d1b148f3361eb3a03e), userDataDir=/var/folders/v2/tsn84jfx14x0bfmvjgsq1szh0000gn/T/.org.chromium.Chromium.NVgUQE}, takesHeapSnapshot=true, pageLoadStrategy=normal, databaseEnabled=false, handlesAlerts=true, hasTouchScreen=false, version=65.0.3325.181, platform=MAC, browserConnectionEnabled=false, nativeEvents=true, acceptSslCerts=true, locationContextEnabled=true, webStorageEnabled=true, browserName=chrome, takesScreenshot=true, javascriptEnabled=true, cssSelectorsEnabled=true, setWindowRect=true, unexpectedAlertBehaviour=}]
Session ID: 62cbc8174c086c419298e913bb652f63
	at sun.reflect.NativeConstructorAccessorImpl.newInstance0(Native Method)
	at sun.reflect.NativeConstructorAccessorImpl.newInstance(NativeConstructorAccessorImpl.java:62)
	at sun.reflect.DelegatingConstructorAccessorImpl.newInstance(DelegatingConstructorAccessorImpl.java:45)
	at java.lang.reflect.Constructor.newInstance(Constructor.java:423)
	at org.openqa.selenium.remote.ErrorHandler.createThrowable(ErrorHandler.java:215)
	at org.openqa.selenium.remote.ErrorHandler.throwIfResponseFailed(ErrorHandler.java:167)
	at org.openqa.selenium.remote.RemoteWebDriver.execute(RemoteWebDriver.java:671)
	at org.openqa.selenium.remote.RemoteWebElement.execute(RemoteWebElement.java:272)
	at org.openqa.selenium.remote.RemoteWebElement.sendKeys(RemoteWebElement.java:96)
	at sun.reflect.NativeMethodAccessorImpl.invoke0(Native Method)
	at sun.reflect.NativeMethodAccessorImpl.invoke(NativeMethodAccessorImpl.java:62)
	at sun.reflect.DelegatingMethodAccessorImpl.invoke(DelegatingMethodAccessorImpl.java:43)
	at java.lang.reflect.Method.invoke(Method.java:498)
	at org.openqa.selenium.support.events.EventFiringWebDriver$EventFiringWebElement$1.invoke(EventFiringWebDriver.java:332)
	at com.sun.proxy.$Proxy5.sendKeys(Unknown Source)
	at org.openqa.selenium.support.events.EventFiringWebDriver$EventFiringWebElement.sendKeys(EventFiringWebDriver.java:355)
	at sun.reflect.NativeMethodAccessorImpl.invoke0(Native Method)
	at sun.reflect.NativeMethodAccessorImpl.invoke(NativeMethodAccessorImpl.java:62)
	at sun.reflect.DelegatingMethodAccessorImpl.invoke(DelegatingMethodAccessorImpl.java:43)
	at java.lang.reflect.Method.invoke(Method.java:498)
	at org.openqa.selenium.remote.server.KnownElements$1.invoke(KnownElements.java:64)
	at com.sun.proxy.$Proxy6.sendKeys(Unknown Source)
	at org.openqa.selenium.remote.server.handler.SendKeys.call(SendKeys.java:50)
	at org.openqa.selenium.remote.server.handler.SendKeys.call(SendKeys.java:29)
	at java.util.concurrent.FutureTask.run(FutureTask.java:266)
	at org.openqa.selenium.remote.server.DefaultSession$1.run(DefaultSession.java:176)
	at java.util.concurrent.ThreadPoolExecutor.runWorker(ThreadPoolExecutor.java:1142)
	at java.util.concurrent.ThreadPoolExecutor$Worker.run(ThreadPoolExecutor.java:617)
	at java.lang.Thread.run(Thread.java:745)
18:47:07.173 WARN - Exception: unknown error: call function result missing 'value'
  (Session info: chrome=65.0.3325.181)
  (Driver info: chromedriver=2.34.522932 (4140ab217e1ca1bec0c4b4d1b148f3361eb3a03e),platform=Mac OS X 10.11.4 x86_64) (WARNING: The server did not provide any stacktrace information)
Command duration or timeout: 722 milliseconds
Build info: version: '3.4.0', revision: 'unknown', time: 'unknown'
System info: host: 'Navi.frontierlocal.net', ip: '192.168.254.31', os.name: 'Mac OS X', os.arch: 'x86_64', os.version: '10.11.4', java.version: '1.8.0_101'
Driver info: org.openqa.selenium.chrome.ChromeDriver
Capabilities [{applicationCacheEnabled=false, rotatable=false, mobileEmulationEnabled=false, networkConnectionEnabled=false, chrome={chromedriverVersion=2.34.522932 (4140ab217e1ca1bec0c4b4d1b148f3361eb3a03e), userDataDir=/var/folders/v2/tsn84jfx14x0bfmvjgsq1szh0000gn/T/.org.chromium.Chromium.NVgUQE}, takesHeapSnapshot=true, pageLoadStrategy=normal, databaseEnabled=false, handlesAlerts=true, hasTouchScreen=false, version=65.0.3325.181, platform=MAC, browserConnectionEnabled=false, nativeEvents=true, acceptSslCerts=true, locationContextEnabled=true, webStorageEnabled=true, browserName=chrome, takesScreenshot=true, javascriptEnabled=true, cssSelectorsEnabled=true, setWindowRect=true, unexpectedAlertBehaviour=}]
Session ID: 62cbc8174c086c419298e913bb652f63
18:47:07.381 INFO - Executing: [find elements: By.cssSelector: button[name=btnG]])
18:47:07.410 INFO - Done: [find elements: By.cssSelector: button[name=btnG]]
18:47:07.432 INFO - Executing: [is displayed: 2 [[ChromeDriver: chrome on MAC (62cbc8174c086c419298e913bb652f63)] -> css selector: button[name=btnG]]])
18:47:07.457 INFO - Done: [is displayed: 2 [[ChromeDriver: chrome on MAC (62cbc8174c086c419298e913bb652f63)] -> css selector: button[name=btnG]]]
1523054827572	Marionette	DEBUG	loaded listener.js
18:47:07.597 INFO - Detected dialect: W3C
18:47:07.607 INFO - Done: [new session: Capabilities [{acceptSslCerts=true, name=Google Test, browserName=firefox, javascriptEnabled=true, platform=ANY}]]
18:47:07.623 INFO - Executing: [get: http://www.google.com])
1523054827737	Marionette	DEBUG	Received DOM event "beforeunload" for "about:blank"
18:47:07.969 INFO - Executing: [is displayed: 2 [[ChromeDriver: chrome on MAC (62cbc8174c086c419298e913bb652f63)] -> css selector: button[name=btnG]]])
18:47:07.987 INFO - Done: [is displayed: 2 [[ChromeDriver: chrome on MAC (62cbc8174c086c419298e913bb652f63)] -> css selector: button[name=btnG]]]
2018-04-06 18:47:08.009 plugin-container[91811:1837623] *** CFMessagePort: bootstrap_register(): failed 1100 (0x44c) 'Permission denied', port = 0x8c33, name = 'com.apple.tsm.portname'
See /usr/include/servers/bootstrap_defs.h for the error codes.
2018-04-06 18:47:08.013 plugin-container[91811:1837623] *** CFMessagePort: bootstrap_register(): failed 1100 (0x44c) 'Permission denied', port = 0x920b, name = 'com.apple.CFPasteboardClient'
See /usr/include/servers/bootstrap_defs.h for the error codes.
2018-04-06 18:47:08.013 plugin-container[91811:1837623] void __CFPasteboardSetup() : Failed to allocate communication port for com.apple.CFPasteboardClient; this is likely due to sandbox restrictions
1523054828452	Marionette	DEBUG	Received DOM event "pagehide" for "about:blank"
1523054828452	Marionette	DEBUG	Received DOM event "unload" for "about:blank"
18:47:08.517 INFO - Executing: [is displayed: 2 [[ChromeDriver: chrome on MAC (62cbc8174c086c419298e913bb652f63)] -> css selector: button[name=btnG]]])
18:47:08.576 INFO - Done: [is displayed: 2 [[ChromeDriver: chrome on MAC (62cbc8174c086c419298e913bb652f63)] -> css selector: button[name=btnG]]]
18:47:08.591 INFO - Executing: [delete session: 5be12951-fa55-4645-8734-af70612da606])
18:47:08.751 INFO - Done: [delete session: 5be12951-fa55-4645-8734-af70612da606]
1523054828995	Marionette	DEBUG	Received DOM event "DOMContentLoaded" for "https://www.google.com/?gws_rd=ssl"
1523054829847	Marionette	DEBUG	Received DOM event "pageshow" for "https://www.google.com/?gws_rd=ssl"
18:47:09.867 INFO - Done: [get: http://www.google.com]
18:47:09.882 INFO - Executing: [find elements: By.cssSelector: body])
18:47:09.916 INFO - Done: [find elements: By.cssSelector: body]
18:47:09.925 INFO - Executing: [is displayed: 0 [[FirefoxDriver: firefox on ANY (14addff7-bb03-ce45-bde4-cdc00c25b7b9)] -> css selector: body]])
18:47:10.076 INFO - Done: [is displayed: 0 [[FirefoxDriver: firefox on ANY (14addff7-bb03-ce45-bde4-cdc00c25b7b9)] -> css selector: body]]
18:47:10.086 INFO - Executing: [find element: By.cssSelector: input[type=text]])
18:47:10.106 INFO - Done: [find element: By.cssSelector: input[type=text]]
18:47:10.112 INFO - Executing: [send keys: 1 [[FirefoxDriver: firefox on ANY (14addff7-bb03-ce45-bde4-cdc00c25b7b9)] -> css selector: input[type=text]], [n, i, g, h, t, w, a, t, c, h]])
18:47:10.289 INFO - Done: [send keys: 1 [[FirefoxDriver: firefox on ANY (14addff7-bb03-ce45-bde4-cdc00c25b7b9)] -> css selector: input[type=text]], [n, i, g, h, t, w, a, t, c, h]]
18:47:10.299 INFO - Executing: [find elements: By.cssSelector: button[name=btnG]])
18:47:10.353 INFO - Done: [find elements: By.cssSelector: button[name=btnG]]
18:47:10.363 INFO - Executing: [is displayed: 2 [[FirefoxDriver: firefox on ANY (14addff7-bb03-ce45-bde4-cdc00c25b7b9)] -> css selector: button[name=btnG]]])
18:47:10.424 INFO - Done: [is displayed: 2 [[FirefoxDriver: firefox on ANY (14addff7-bb03-ce45-bde4-cdc00c25b7b9)] -> css selector: button[name=btnG]]]
18:47:10.932 INFO - Executing: [is displayed: 2 [[FirefoxDriver: firefox on ANY (14addff7-bb03-ce45-bde4-cdc00c25b7b9)] -> css selector: button[name=btnG]]])
18:47:11.005 INFO - Done: [is displayed: 2 [[FirefoxDriver: firefox on ANY (14addff7-bb03-ce45-bde4-cdc00c25b7b9)] -> css selector: button[name=btnG]]]
18:47:11.512 INFO - Executing: [is displayed: 2 [[FirefoxDriver: firefox on ANY (14addff7-bb03-ce45-bde4-cdc00c25b7b9)] -> css selector: button[name=btnG]]])
18:47:11.561 INFO - Done: [is displayed: 2 [[FirefoxDriver: firefox on ANY (14addff7-bb03-ce45-bde4-cdc00c25b7b9)] -> css selector: button[name=btnG]]]
18:47:11.574 INFO - Executing: [delete session: 3178cb38-5fe0-4714-9936-f1403eda81d7])
1523054831585	Marionette	INFO	New connections will no longer be accepted
18:47:11.900 INFO - Done: [delete session: 3178cb38-5fe0-4714-9936-f1403eda81d7]
